<?xml version="1.0" encoding="UTF-8"?>
<testng-results ignored="0" total="1" passed="1" failed="0" skipped="0">
  <reporter-output>
  </reporter-output>
  <suite started-at="2024-11-15T13:42:17 IST" name="Suite" finished-at="2024-11-15T13:42:24 IST" duration-ms="7379">
    <groups>
    </groups>
    <test started-at="2024-11-15T13:42:17 IST" name="Test" finished-at="2024-11-15T13:42:24 IST" duration-ms="7379">
      <class name="Project1.Ecommerce_Amazon.Register_New_User_TC01">
        <test-method is-config="true" signature="launch()[pri:0, instance:Project1.Ecommerce_Amazon.Register_New_User_TC01@47af7f3d]" started-at="2024-11-15T13:42:17 IST" name="launch" finished-at="2024-11-15T13:42:23 IST" duration-ms="5905" status="PASS">
          <reporter-output>
          </reporter-output>
        </test-method> <!-- launch -->
        <test-method signature="register_new_user()[pri:0, instance:Project1.Ecommerce_Amazon.Register_New_User_TC01@47af7f3d]" started-at="2024-11-15T13:42:23 IST" name="register_new_user" finished-at="2024-11-15T13:42:24 IST" duration-ms="1448" status="PASS">
          <reporter-output>
          </reporter-output>
        </test-method> <!-- register_new_user -->
        <test-method is-config="true" signature="close()[pri:0, instance:Project1.Ecommerce_Amazon.Register_New_User_TC01@47af7f3d]" started-at="2024-11-15T13:42:24 IST" name="close" finished-at="2024-11-15T13:42:24 IST" duration-ms="0" status="PASS">
          <reporter-output>
          </reporter-output>
        </test-method> <!-- close -->
      </class> <!-- Project1.Ecommerce_Amazon.Register_New_User_TC01 -->
    </test> <!-- Test -->
  </suite> <!-- Suite -->
</testng-results>
