<?xml version="1.0" encoding="UTF-8"?>
<testng-results ignored="0" total="1" passed="0" failed="1" skipped="0">
  <reporter-output>
    <line>
      <![CDATA[Test cases executed by Itestlistener and fail  ]]>
    </line>
  </reporter-output>
  <suite started-at="2024-12-11T18:54:29 IST" name="Default suite" finished-at="2024-12-11T18:54:44 IST" duration-ms="14477">
    <groups>
    </groups>
    <test started-at="2024-12-11T18:54:29 IST" name="Default test" finished-at="2024-12-11T18:54:44 IST" duration-ms="14477">
      <class name="Project1.Ecommerce_Amazon.TC11_Entire_Checkout_Process">
        <test-method is-config="true" signature="launch()[pri:0, instance:Project1.Ecommerce_Amazon.TC11_Entire_Checkout_Process@6a78afa0]" started-at="2024-12-11T18:54:29 IST" name="launch" finished-at="2024-12-11T18:54:32 IST" duration-ms="2562" status="PASS">
          <reporter-output>
          </reporter-output>
        </test-method> <!-- launch -->
        <test-method signature="checkout_process()[pri:0, instance:Project1.Ecommerce_Amazon.TC11_Entire_Checkout_Process@6a78afa0]" started-at="2024-12-11T18:54:32 IST" name="checkout_process" finished-at="2024-12-11T18:54:43 IST" duration-ms="11734" status="FAIL">
          <exception class="java.lang.IllegalStateException">
            <message>
              <![CDATA[Cannot get a NUMERIC value from a STRING cell]]>
            </message>
            <full-stacktrace>
              <![CDATA[java.lang.IllegalStateException: Cannot get a NUMERIC value from a STRING cell
at org.apache.poi.xssf.usermodel.XSSFCell.typeMismatch(XSSFCell.java:987)
at org.apache.poi.xssf.usermodel.XSSFCell.getNumericCellValue(XSSFCell.java:260)
at Project1.Ecommerce_Amazon.DDT.coupondetails(DDT.java:44)
at Project1.Ecommerce_Amazon.TC11_Entire_Checkout_Process.checkout_process(TC11_Entire_Checkout_Process.java:20)
at java.base/jdk.internal.reflect.DirectMethodHandleAccessor.invoke(DirectMethodHandleAccessor.java:103)
at java.base/java.lang.reflect.Method.invoke(Method.java:580)
at org.testng.internal.invokers.MethodInvocationHelper.invokeMethod(MethodInvocationHelper.java:139)
at org.testng.internal.invokers.TestInvoker.invokeMethod(TestInvoker.java:664)
at org.testng.internal.invokers.TestInvoker.invokeTestMethod(TestInvoker.java:227)
at org.testng.internal.invokers.MethodRunner.runInSequence(MethodRunner.java:50)
at org.testng.internal.invokers.TestInvoker$MethodInvocationAgent.invoke(TestInvoker.java:957)
at org.testng.internal.invokers.TestInvoker.invokeTestMethods(TestInvoker.java:200)
at org.testng.internal.invokers.TestMethodWorker.invokeTestMethods(TestMethodWorker.java:148)
at org.testng.internal.invokers.TestMethodWorker.run(TestMethodWorker.java:128)
at java.base/java.util.ArrayList.forEach(ArrayList.java:1597)
at org.testng.TestRunner.privateRun(TestRunner.java:848)
at org.testng.TestRunner.run(TestRunner.java:621)
at org.testng.SuiteRunner.runTest(SuiteRunner.java:443)
at org.testng.SuiteRunner.runSequentially(SuiteRunner.java:437)
at org.testng.SuiteRunner.privateRun(SuiteRunner.java:397)
at org.testng.SuiteRunner.run(SuiteRunner.java:336)
at org.testng.SuiteRunnerWorker.runSuite(SuiteRunnerWorker.java:52)
at org.testng.SuiteRunnerWorker.run(SuiteRunnerWorker.java:95)
at org.testng.TestNG.runSuitesSequentially(TestNG.java:1280)
at org.testng.TestNG.runSuitesLocally(TestNG.java:1200)
at org.testng.TestNG.runSuites(TestNG.java:1114)
at org.testng.TestNG.run(TestNG.java:1082)
at org.testng.remote.AbstractRemoteTestNG.run(AbstractRemoteTestNG.java:115)
at org.testng.remote.RemoteTestNG.initAndRun(RemoteTestNG.java:293)
at org.testng.remote.RemoteTestNG.main(RemoteTestNG.java:91)
]]>
            </full-stacktrace>
          </exception> <!-- java.lang.IllegalStateException -->
          <reporter-output>
            <line>
              <![CDATA[Test cases executed by Itestlistener and fail  ]]>
            </line>
          </reporter-output>
        </test-method> <!-- checkout_process -->
        <test-method is-config="true" signature="close()[pri:0, instance:Project1.Ecommerce_Amazon.TC11_Entire_Checkout_Process@6a78afa0]" started-at="2024-12-11T18:54:44 IST" name="close" finished-at="2024-12-11T18:54:44 IST" duration-ms="0" status="PASS">
          <reporter-output>
          </reporter-output>
        </test-method> <!-- close -->
      </class> <!-- Project1.Ecommerce_Amazon.TC11_Entire_Checkout_Process -->
    </test> <!-- Default test -->
  </suite> <!-- Default suite -->
</testng-results>
